<?xml version="1.0" encoding="UTF-8"?>
<testng-results skipped="0" failed="1" total="3" passed="2">
  <reporter-output>
  </reporter-output>
  <suite name="TestSuite" duration-ms="25473" started-at="2018-12-30T18:27:46Z" finished-at="2018-12-30T18:28:11Z">
    <groups>
    </groups>
    <test name="TripAction" duration-ms="25473" started-at="2018-12-30T18:27:46Z" finished-at="2018-12-30T18:28:11Z">
      <class name="tripAction.testcases.Bookings">
        <test-method status="PASS" signature="setUp()[pri:0, instance:tripAction.testcases.Bookings@7c30a502]" name="setUp" is-config="true" duration-ms="12446" started-at="2018-12-30T10:27:33Z" finished-at="2018-12-30T10:27:46Z">
          <reporter-output>
          </reporter-output>
        </test-method> <!-- setUp -->
        <test-method status="PASS" signature="searchHotels()[pri:0, instance:tripAction.testcases.Bookings@7c30a502]" name="searchHotels" duration-ms="25443" started-at="2018-12-30T10:27:46Z" finished-at="2018-12-30T10:28:11Z">
          <reporter-output>
          </reporter-output>
        </test-method> <!-- searchHotels -->
        <test-method status="PASS" signature="testAssertion1()[pri:0, instance:tripAction.testcases.Bookings@7c30a502]" name="testAssertion1" duration-ms="3" started-at="2018-12-30T10:28:11Z" finished-at="2018-12-30T10:28:11Z">
          <reporter-output>
          </reporter-output>
        </test-method> <!-- testAssertion1 -->
        <test-method status="FAIL" signature="testAssertion2()[pri:0, instance:tripAction.testcases.Bookings@7c30a502]" name="testAssertion2" duration-ms="3" started-at="2018-12-30T10:28:11Z" finished-at="2018-12-30T10:28:11Z">
          <exception class="java.lang.AssertionError">
            <message>
              <![CDATA[expected [true] but found [false]]]>
            </message>
            <full-stacktrace>
              <![CDATA[java.lang.AssertionError: expected [true] but found [false]
	at org.testng.Assert.fail(Assert.java:94)
	at org.testng.Assert.failNotEquals(Assert.java:494)
	at org.testng.Assert.assertTrue(Assert.java:42)
	at org.testng.Assert.assertTrue(Assert.java:52)
	at tripAction.testcases.Bookings.testAssertion2(Bookings.java:96)
	at sun.reflect.NativeMethodAccessorImpl.invoke0(Native Method)
	at sun.reflect.NativeMethodAccessorImpl.invoke(NativeMethodAccessorImpl.java:62)
	at sun.reflect.DelegatingMethodAccessorImpl.invoke(DelegatingMethodAccessorImpl.java:43)
	at java.lang.reflect.Method.invoke(Method.java:498)
	at org.testng.internal.MethodInvocationHelper.invokeMethod(MethodInvocationHelper.java:80)
	at org.testng.internal.Invoker.invokeMethod(Invoker.java:714)
	at org.testng.internal.Invoker.invokeTestMethod(Invoker.java:901)
	at org.testng.internal.Invoker.invokeTestMethods(Invoker.java:1231)
	at org.testng.internal.TestMethodWorker.invokeTestMethods(TestMethodWorker.java:127)
	at org.testng.internal.TestMethodWorker.run(TestMethodWorker.java:111)
	at org.testng.TestRunner.privateRun(TestRunner.java:767)
	at org.testng.TestRunner.run(TestRunner.java:617)
	at org.testng.SuiteRunner.runTest(SuiteRunner.java:334)
	at org.testng.SuiteRunner.runSequentially(SuiteRunner.java:329)
	at org.testng.SuiteRunner.privateRun(SuiteRunner.java:291)
	at org.testng.SuiteRunner.run(SuiteRunner.java:240)
	at org.testng.SuiteRunnerWorker.runSuite(SuiteRunnerWorker.java:52)
	at org.testng.SuiteRunnerWorker.run(SuiteRunnerWorker.java:86)
	at org.testng.TestNG.runSuitesSequentially(TestNG.java:1198)
	at org.testng.TestNG.runSuitesLocally(TestNG.java:1123)
	at org.testng.TestNG.run(TestNG.java:1031)
	at org.apache.maven.surefire.testng.TestNGExecutor.run(TestNGExecutor.java:178)
	at org.apache.maven.surefire.testng.TestNGXmlTestSuite.execute(TestNGXmlTestSuite.java:92)
	at org.apache.maven.surefire.testng.TestNGProvider.invoke(TestNGProvider.java:96)
	at sun.reflect.NativeMethodAccessorImpl.invoke0(Native Method)
	at sun.reflect.NativeMethodAccessorImpl.invoke(NativeMethodAccessorImpl.java:62)
	at sun.reflect.DelegatingMethodAccessorImpl.invoke(DelegatingMethodAccessorImpl.java:43)
	at java.lang.reflect.Method.invoke(Method.java:498)
	at org.apache.maven.surefire.util.ReflectionUtils.invokeMethodWithArray2(ReflectionUtils.java:208)
	at org.apache.maven.surefire.booter.ProviderFactory$ProviderProxy.invoke(ProviderFactory.java:159)
	at org.apache.maven.surefire.booter.ProviderFactory.invokeProvider(ProviderFactory.java:87)
	at org.apache.maven.surefire.booter.ForkedBooter.runSuitesInProcess(ForkedBooter.java:153)
	at org.apache.maven.surefire.booter.ForkedBooter.main(ForkedBooter.java:95)
]]>
            </full-stacktrace>
          </exception> <!-- java.lang.AssertionError -->
          <reporter-output>
          </reporter-output>
        </test-method> <!-- testAssertion2 -->
        <test-method status="PASS" signature="closeBrowser()[pri:0, instance:tripAction.testcases.Bookings@7c30a502]" name="closeBrowser" is-config="true" duration-ms="1309" started-at="2018-12-30T10:28:11Z" finished-at="2018-12-30T10:28:13Z">
          <reporter-output>
          </reporter-output>
        </test-method> <!-- closeBrowser -->
      </class> <!-- tripAction.testcases.Bookings -->
    </test> <!-- TripAction -->
  </suite> <!-- TestSuite -->
</testng-results>
